[2022-08-13 16:00:04,092] INFO [connector1|task-0|offsets] WorkerSourceTask{id=connector1-0} Either no records were produced by the task since the last offset commit, or every record has been filtered out by a transformation or dropped due to transformation or conversion errors. (org.apache.kafka.connect.runtime.WorkerSourceTask:484)
[2022-08-13 16:00:14,112] INFO [connector1|task-0|offsets] WorkerSourceTask{id=connector1-0} Either no records were produced by the task since the last offset commit, or every record has been filtered out by a transformation or dropped due to transformation or conversion errors. (org.apache.kafka.connect.runtime.WorkerSourceTask:484)
[2022-08-13 16:00:24,123] INFO [connector1|task-0|offsets] WorkerSourceTask{id=connector1-0} Either no records were produced by the task since the last offset commit, or every record has been filtered out by a transformation or dropped due to transformation or conversion errors. (org.apache.kafka.connect.runtime.WorkerSourceTask:484)
[2022-08-13 16:00:34,137] INFO [connector1|task-0|offsets] WorkerSourceTask{id=connector1-0} Either no records were produced by the task since the last offset commit, or every record has been filtered out by a transformation or dropped due to transformation or conversion errors. (org.apache.kafka.connect.runtime.WorkerSourceTask:484)
[2022-08-13 16:00:44,147] INFO [connector1|task-0|offsets] WorkerSourceTask{id=connector1-0} Either no records were produced by the task since the last offset commit, or every record has been filtered out by a transformation or dropped due to transformation or conversion errors. (org.apache.kafka.connect.runtime.WorkerSourceTask:484)
[2022-08-13 16:00:54,162] INFO [connector1|task-0|offsets] WorkerSourceTask{id=connector1-0} Either no records were produced by the task since the last offset commit, or every record has been filtered out by a transformation or dropped due to transformation or conversion errors. (org.apache.kafka.connect.runtime.WorkerSourceTask:484)
[2022-08-13 16:01:04,171] INFO [connector1|task-0|offsets] WorkerSourceTask{id=connector1-0} Either no records were produced by the task since the last offset commit, or every record has been filtered out by a transformation or dropped due to transformation or conversion errors. (org.apache.kafka.connect.runtime.WorkerSourceTask:484)
[2022-08-13 16:01:14,184] INFO [connector1|task-0|offsets] WorkerSourceTask{id=connector1-0} Either no records were produced by the task since the last offset commit, or every record has been filtered out by a transformation or dropped due to transformation or conversion errors. (org.apache.kafka.connect.runtime.WorkerSourceTask:484)
[2022-08-13 16:01:24,190] INFO [connector1|task-0|offsets] WorkerSourceTask{id=connector1-0} Either no records were produced by the task since the last offset commit, or every record has been filtered out by a transformation or dropped due to transformation or conversion errors. (org.apache.kafka.connect.runtime.WorkerSourceTask:484)
[2022-08-13 16:01:34,195] INFO [connector1|task-0|offsets] WorkerSourceTask{id=connector1-0} Either no records were produced by the task since the last offset commit, or every record has been filtered out by a transformation or dropped due to transformation or conversion errors. (org.apache.kafka.connect.runtime.WorkerSourceTask:484)
[2022-08-13 16:01:44,204] INFO [connector1|task-0|offsets] WorkerSourceTask{id=connector1-0} Either no records were produced by the task since the last offset commit, or every record has been filtered out by a transformation or dropped due to transformation or conversion errors. (org.apache.kafka.connect.runtime.WorkerSourceTask:484)
[2022-08-13 16:01:54,215] INFO [connector1|task-0|offsets] WorkerSourceTask{id=connector1-0} Either no records were produced by the task since the last offset commit, or every record has been filtered out by a transformation or dropped due to transformation or conversion errors. (org.apache.kafka.connect.runtime.WorkerSourceTask:484)
[2022-08-13 16:02:04,218] INFO [connector1|task-0|offsets] WorkerSourceTask{id=connector1-0} Either no records were produced by the task since the last offset commit, or every record has been filtered out by a transformation or dropped due to transformation or conversion errors. (org.apache.kafka.connect.runtime.WorkerSourceTask:484)
[2022-08-13 16:02:14,231] INFO [connector1|task-0|offsets] WorkerSourceTask{id=connector1-0} Either no records were produced by the task since the last offset commit, or every record has been filtered out by a transformation or dropped due to transformation or conversion errors. (org.apache.kafka.connect.runtime.WorkerSourceTask:484)
[2022-08-13 16:02:24,240] INFO [connector1|task-0|offsets] WorkerSourceTask{id=connector1-0} Either no records were produced by the task since the last offset commit, or every record has been filtered out by a transformation or dropped due to transformation or conversion errors. (org.apache.kafka.connect.runtime.WorkerSourceTask:484)
[2022-08-13 16:02:34,249] INFO [connector1|task-0|offsets] WorkerSourceTask{id=connector1-0} Either no records were produced by the task since the last offset commit, or every record has been filtered out by a transformation or dropped due to transformation or conversion errors. (org.apache.kafka.connect.runtime.WorkerSourceTask:484)
[2022-08-13 16:02:44,259] INFO [connector1|task-0|offsets] WorkerSourceTask{id=connector1-0} Either no records were produced by the task since the last offset commit, or every record has been filtered out by a transformation or dropped due to transformation or conversion errors. (org.apache.kafka.connect.runtime.WorkerSourceTask:484)
[2022-08-13 16:02:54,262] INFO [connector1|task-0|offsets] WorkerSourceTask{id=connector1-0} Either no records were produced by the task since the last offset commit, or every record has been filtered out by a transformation or dropped due to transformation or conversion errors. (org.apache.kafka.connect.runtime.WorkerSourceTask:484)
[2022-08-13 16:03:04,274] INFO [connector1|task-0|offsets] WorkerSourceTask{id=connector1-0} Either no records were produced by the task since the last offset commit, or every record has been filtered out by a transformation or dropped due to transformation or conversion errors. (org.apache.kafka.connect.runtime.WorkerSourceTask:484)
[2022-08-13 16:03:14,275] INFO [connector1|task-0|offsets] WorkerSourceTask{id=connector1-0} Either no records were produced by the task since the last offset commit, or every record has been filtered out by a transformation or dropped due to transformation or conversion errors. (org.apache.kafka.connect.runtime.WorkerSourceTask:484)
[2022-08-13 16:03:24,288] INFO [connector1|task-0|offsets] WorkerSourceTask{id=connector1-0} Either no records were produced by the task since the last offset commit, or every record has been filtered out by a transformation or dropped due to transformation or conversion errors. (org.apache.kafka.connect.runtime.WorkerSourceTask:484)
[2022-08-13 16:03:34,292] INFO [connector1|task-0|offsets] WorkerSourceTask{id=connector1-0} Either no records were produced by the task since the last offset commit, or every record has been filtered out by a transformation or dropped due to transformation or conversion errors. (org.apache.kafka.connect.runtime.WorkerSourceTask:484)
[2022-08-13 16:03:44,294] INFO [connector1|task-0|offsets] WorkerSourceTask{id=connector1-0} Either no records were produced by the task since the last offset commit, or every record has been filtered out by a transformation or dropped due to transformation or conversion errors. (org.apache.kafka.connect.runtime.WorkerSourceTask:484)
[2022-08-13 16:03:54,306] INFO [connector1|task-0|offsets] WorkerSourceTask{id=connector1-0} Either no records were produced by the task since the last offset commit, or every record has been filtered out by a transformation or dropped due to transformation or conversion errors. (org.apache.kafka.connect.runtime.WorkerSourceTask:484)
[2022-08-13 16:04:04,308] INFO [connector1|task-0|offsets] WorkerSourceTask{id=connector1-0} Either no records were produced by the task since the last offset commit, or every record has been filtered out by a transformation or dropped due to transformation or conversion errors. (org.apache.kafka.connect.runtime.WorkerSourceTask:484)
[2022-08-13 16:04:14,318] INFO [connector1|task-0|offsets] WorkerSourceTask{id=connector1-0} Either no records were produced by the task since the last offset commit, or every record has been filtered out by a transformation or dropped due to transformation or conversion errors. (org.apache.kafka.connect.runtime.WorkerSourceTask:484)
[2022-08-13 16:04:24,327] INFO [connector1|task-0|offsets] WorkerSourceTask{id=connector1-0} Either no records were produced by the task since the last offset commit, or every record has been filtered out by a transformation or dropped due to transformation or conversion errors. (org.apache.kafka.connect.runtime.WorkerSourceTask:484)
[2022-08-13 16:04:34,338] INFO [connector1|task-0|offsets] WorkerSourceTask{id=connector1-0} Either no records were produced by the task since the last offset commit, or every record has been filtered out by a transformation or dropped due to transformation or conversion errors. (org.apache.kafka.connect.runtime.WorkerSourceTask:484)
[2022-08-13 16:04:44,340] INFO [connector1|task-0|offsets] WorkerSourceTask{id=connector1-0} Either no records were produced by the task since the last offset commit, or every record has been filtered out by a transformation or dropped due to transformation or conversion errors. (org.apache.kafka.connect.runtime.WorkerSourceTask:484)
[2022-08-13 16:04:54,354] INFO [connector1|task-0|offsets] WorkerSourceTask{id=connector1-0} Either no records were produced by the task since the last offset commit, or every record has been filtered out by a transformation or dropped due to transformation or conversion errors. (org.apache.kafka.connect.runtime.WorkerSourceTask:484)
[2022-08-13 16:05:04,369] INFO [connector1|task-0|offsets] WorkerSourceTask{id=connector1-0} Either no records were produced by the task since the last offset commit, or every record has been filtered out by a transformation or dropped due to transformation or conversion errors. (org.apache.kafka.connect.runtime.WorkerSourceTask:484)
[2022-08-13 16:05:14,376] INFO [connector1|task-0|offsets] WorkerSourceTask{id=connector1-0} Either no records were produced by the task since the last offset commit, or every record has been filtered out by a transformation or dropped due to transformation or conversion errors. (org.apache.kafka.connect.runtime.WorkerSourceTask:484)
[2022-08-13 16:05:24,380] INFO [connector1|task-0|offsets] WorkerSourceTask{id=connector1-0} Either no records were produced by the task since the last offset commit, or every record has been filtered out by a transformation or dropped due to transformation or conversion errors. (org.apache.kafka.connect.runtime.WorkerSourceTask:484)
[2022-08-13 16:05:34,391] INFO [connector1|task-0|offsets] WorkerSourceTask{id=connector1-0} Either no records were produced by the task since the last offset commit, or every record has been filtered out by a transformation or dropped due to transformation or conversion errors. (org.apache.kafka.connect.runtime.WorkerSourceTask:484)
[2022-08-13 16:05:44,394] INFO [connector1|task-0|offsets] WorkerSourceTask{id=connector1-0} Either no records were produced by the task since the last offset commit, or every record has been filtered out by a transformation or dropped due to transformation or conversion errors. (org.apache.kafka.connect.runtime.WorkerSourceTask:484)
[2022-08-13 16:05:54,399] INFO [connector1|task-0|offsets] WorkerSourceTask{id=connector1-0} Either no records were produced by the task since the last offset commit, or every record has been filtered out by a transformation or dropped due to transformation or conversion errors. (org.apache.kafka.connect.runtime.WorkerSourceTask:484)
[2022-08-13 16:06:04,404] INFO [connector1|task-0|offsets] WorkerSourceTask{id=connector1-0} Either no records were produced by the task since the last offset commit, or every record has been filtered out by a transformation or dropped due to transformation or conversion errors. (org.apache.kafka.connect.runtime.WorkerSourceTask:484)
[2022-08-13 16:06:14,407] INFO [connector1|task-0|offsets] WorkerSourceTask{id=connector1-0} Either no records were produced by the task since the last offset commit, or every record has been filtered out by a transformation or dropped due to transformation or conversion errors. (org.apache.kafka.connect.runtime.WorkerSourceTask:484)
[2022-08-13 16:06:24,412] INFO [connector1|task-0|offsets] WorkerSourceTask{id=connector1-0} Either no records were produced by the task since the last offset commit, or every record has been filtered out by a transformation or dropped due to transformation or conversion errors. (org.apache.kafka.connect.runtime.WorkerSourceTask:484)
[2022-08-13 16:06:34,419] INFO [connector1|task-0|offsets] WorkerSourceTask{id=connector1-0} Either no records were produced by the task since the last offset commit, or every record has been filtered out by a transformation or dropped due to transformation or conversion errors. (org.apache.kafka.connect.runtime.WorkerSourceTask:484)
[2022-08-13 16:06:44,430] INFO [connector1|task-0|offsets] WorkerSourceTask{id=connector1-0} Either no records were produced by the task since the last offset commit, or every record has been filtered out by a transformation or dropped due to transformation or conversion errors. (org.apache.kafka.connect.runtime.WorkerSourceTask:484)
[2022-08-13 16:06:54,443] INFO [connector1|task-0|offsets] WorkerSourceTask{id=connector1-0} Either no records were produced by the task since the last offset commit, or every record has been filtered out by a transformation or dropped due to transformation or conversion errors. (org.apache.kafka.connect.runtime.WorkerSourceTask:484)
[2022-08-13 16:07:04,447] INFO [connector1|task-0|offsets] WorkerSourceTask{id=connector1-0} Either no records were produced by the task since the last offset commit, or every record has been filtered out by a transformation or dropped due to transformation or conversion errors. (org.apache.kafka.connect.runtime.WorkerSourceTask:484)
[2022-08-13 16:07:14,464] INFO [connector1|task-0|offsets] WorkerSourceTask{id=connector1-0} Either no records were produced by the task since the last offset commit, or every record has been filtered out by a transformation or dropped due to transformation or conversion errors. (org.apache.kafka.connect.runtime.WorkerSourceTask:484)
[2022-08-13 16:07:24,466] INFO [connector1|task-0|offsets] WorkerSourceTask{id=connector1-0} Either no records were produced by the task since the last offset commit, or every record has been filtered out by a transformation or dropped due to transformation or conversion errors. (org.apache.kafka.connect.runtime.WorkerSourceTask:484)
[2022-08-13 16:07:34,470] INFO [connector1|task-0|offsets] WorkerSourceTask{id=connector1-0} Either no records were produced by the task since the last offset commit, or every record has been filtered out by a transformation or dropped due to transformation or conversion errors. (org.apache.kafka.connect.runtime.WorkerSourceTask:484)
[2022-08-13 16:07:44,479] INFO [connector1|task-0|offsets] WorkerSourceTask{id=connector1-0} Either no records were produced by the task since the last offset commit, or every record has been filtered out by a transformation or dropped due to transformation or conversion errors. (org.apache.kafka.connect.runtime.WorkerSourceTask:484)
[2022-08-13 16:07:54,494] INFO [connector1|task-0|offsets] WorkerSourceTask{id=connector1-0} Either no records were produced by the task since the last offset commit, or every record has been filtered out by a transformation or dropped due to transformation or conversion errors. (org.apache.kafka.connect.runtime.WorkerSourceTask:484)
[2022-08-13 16:08:04,504] INFO [connector1|task-0|offsets] WorkerSourceTask{id=connector1-0} Either no records were produced by the task since the last offset commit, or every record has been filtered out by a transformation or dropped due to transformation or conversion errors. (org.apache.kafka.connect.runtime.WorkerSourceTask:484)
[2022-08-13 16:08:14,519] INFO [connector1|task-0|offsets] WorkerSourceTask{id=connector1-0} Either no records were produced by the task since the last offset commit, or every record has been filtered out by a transformation or dropped due to transformation or conversion errors. (org.apache.kafka.connect.runtime.WorkerSourceTask:484)
[2022-08-13 16:08:24,533] INFO [connector1|task-0|offsets] WorkerSourceTask{id=connector1-0} Either no records were produced by the task since the last offset commit, or every record has been filtered out by a transformation or dropped due to transformation or conversion errors. (org.apache.kafka.connect.runtime.WorkerSourceTask:484)
[2022-08-13 16:08:34,546] INFO [connector1|task-0|offsets] WorkerSourceTask{id=connector1-0} Either no records were produced by the task since the last offset commit, or every record has been filtered out by a transformation or dropped due to transformation or conversion errors. (org.apache.kafka.connect.runtime.WorkerSourceTask:484)
[2022-08-13 16:08:44,554] INFO [connector1|task-0|offsets] WorkerSourceTask{id=connector1-0} Either no records were produced by the task since the last offset commit, or every record has been filtered out by a transformation or dropped due to transformation or conversion errors. (org.apache.kafka.connect.runtime.WorkerSourceTask:484)
[2022-08-13 16:08:54,567] INFO [connector1|task-0|offsets] WorkerSourceTask{id=connector1-0} Either no records were produced by the task since the last offset commit, or every record has been filtered out by a transformation or dropped due to transformation or conversion errors. (org.apache.kafka.connect.runtime.WorkerSourceTask:484)
[2022-08-13 16:09:04,579] INFO [connector1|task-0|offsets] WorkerSourceTask{id=connector1-0} Either no records were produced by the task since the last offset commit, or every record has been filtered out by a transformation or dropped due to transformation or conversion errors. (org.apache.kafka.connect.runtime.WorkerSourceTask:484)
[2022-08-13 16:09:14,583] INFO [connector1|task-0|offsets] WorkerSourceTask{id=connector1-0} Either no records were produced by the task since the last offset commit, or every record has been filtered out by a transformation or dropped due to transformation or conversion errors. (org.apache.kafka.connect.runtime.WorkerSourceTask:484)
[2022-08-13 16:09:24,598] INFO [connector1|task-0|offsets] WorkerSourceTask{id=connector1-0} Either no records were produced by the task since the last offset commit, or every record has been filtered out by a transformation or dropped due to transformation or conversion errors. (org.apache.kafka.connect.runtime.WorkerSourceTask:484)
[2022-08-13 16:09:34,608] INFO [connector1|task-0|offsets] WorkerSourceTask{id=connector1-0} Either no records were produced by the task since the last offset commit, or every record has been filtered out by a transformation or dropped due to transformation or conversion errors. (org.apache.kafka.connect.runtime.WorkerSourceTask:484)
[2022-08-13 16:09:44,623] INFO [connector1|task-0|offsets] WorkerSourceTask{id=connector1-0} Either no records were produced by the task since the last offset commit, or every record has been filtered out by a transformation or dropped due to transformation or conversion errors. (org.apache.kafka.connect.runtime.WorkerSourceTask:484)
[2022-08-13 16:09:54,627] INFO [connector1|task-0|offsets] WorkerSourceTask{id=connector1-0} Either no records were produced by the task since the last offset commit, or every record has been filtered out by a transformation or dropped due to transformation or conversion errors. (org.apache.kafka.connect.runtime.WorkerSourceTask:484)
[2022-08-13 16:10:04,639] INFO [connector1|task-0|offsets] WorkerSourceTask{id=connector1-0} Either no records were produced by the task since the last offset commit, or every record has been filtered out by a transformation or dropped due to transformation or conversion errors. (org.apache.kafka.connect.runtime.WorkerSourceTask:484)
[2022-08-13 16:10:14,646] INFO [connector1|task-0|offsets] WorkerSourceTask{id=connector1-0} Either no records were produced by the task since the last offset commit, or every record has been filtered out by a transformation or dropped due to transformation or conversion errors. (org.apache.kafka.connect.runtime.WorkerSourceTask:484)
[2022-08-13 16:10:24,649] INFO [connector1|task-0|offsets] WorkerSourceTask{id=connector1-0} Either no records were produced by the task since the last offset commit, or every record has been filtered out by a transformation or dropped due to transformation or conversion errors. (org.apache.kafka.connect.runtime.WorkerSourceTask:484)
[2022-08-13 16:10:34,663] INFO [connector1|task-0|offsets] WorkerSourceTask{id=connector1-0} Either no records were produced by the task since the last offset commit, or every record has been filtered out by a transformation or dropped due to transformation or conversion errors. (org.apache.kafka.connect.runtime.WorkerSourceTask:484)
[2022-08-13 16:10:44,667] INFO [connector1|task-0|offsets] WorkerSourceTask{id=connector1-0} Either no records were produced by the task since the last offset commit, or every record has been filtered out by a transformation or dropped due to transformation or conversion errors. (org.apache.kafka.connect.runtime.WorkerSourceTask:484)
[2022-08-13 16:10:54,674] INFO [connector1|task-0|offsets] WorkerSourceTask{id=connector1-0} Either no records were produced by the task since the last offset commit, or every record has been filtered out by a transformation or dropped due to transformation or conversion errors. (org.apache.kafka.connect.runtime.WorkerSourceTask:484)
[2022-08-13 16:11:04,679] INFO [connector1|task-0|offsets] WorkerSourceTask{id=connector1-0} Either no records were produced by the task since the last offset commit, or every record has been filtered out by a transformation or dropped due to transformation or conversion errors. (org.apache.kafka.connect.runtime.WorkerSourceTask:484)
[2022-08-13 16:11:14,690] INFO [connector1|task-0|offsets] WorkerSourceTask{id=connector1-0} Either no records were produced by the task since the last offset commit, or every record has been filtered out by a transformation or dropped due to transformation or conversion errors. (org.apache.kafka.connect.runtime.WorkerSourceTask:484)
[2022-08-13 16:11:24,703] INFO [connector1|task-0|offsets] WorkerSourceTask{id=connector1-0} Either no records were produced by the task since the last offset commit, or every record has been filtered out by a transformation or dropped due to transformation or conversion errors. (org.apache.kafka.connect.runtime.WorkerSourceTask:484)
[2022-08-13 16:11:34,713] INFO [connector1|task-0|offsets] WorkerSourceTask{id=connector1-0} Either no records were produced by the task since the last offset commit, or every record has been filtered out by a transformation or dropped due to transformation or conversion errors. (org.apache.kafka.connect.runtime.WorkerSourceTask:484)
[2022-08-13 16:11:44,715] INFO [connector1|task-0|offsets] WorkerSourceTask{id=connector1-0} Either no records were produced by the task since the last offset commit, or every record has been filtered out by a transformation or dropped due to transformation or conversion errors. (org.apache.kafka.connect.runtime.WorkerSourceTask:484)
[2022-08-13 16:11:54,729] INFO [connector1|task-0|offsets] WorkerSourceTask{id=connector1-0} Either no records were produced by the task since the last offset commit, or every record has been filtered out by a transformation or dropped due to transformation or conversion errors. (org.apache.kafka.connect.runtime.WorkerSourceTask:484)
[2022-08-13 16:12:04,739] INFO [connector1|task-0|offsets] WorkerSourceTask{id=connector1-0} Either no records were produced by the task since the last offset commit, or every record has been filtered out by a transformation or dropped due to transformation or conversion errors. (org.apache.kafka.connect.runtime.WorkerSourceTask:484)
[2022-08-13 16:12:14,749] INFO [connector1|task-0|offsets] WorkerSourceTask{id=connector1-0} Either no records were produced by the task since the last offset commit, or every record has been filtered out by a transformation or dropped due to transformation or conversion errors. (org.apache.kafka.connect.runtime.WorkerSourceTask:484)
[2022-08-13 16:12:24,755] INFO [connector1|task-0|offsets] WorkerSourceTask{id=connector1-0} Either no records were produced by the task since the last offset commit, or every record has been filtered out by a transformation or dropped due to transformation or conversion errors. (org.apache.kafka.connect.runtime.WorkerSourceTask:484)
[2022-08-13 16:12:34,766] INFO [connector1|task-0|offsets] WorkerSourceTask{id=connector1-0} Either no records were produced by the task since the last offset commit, or every record has been filtered out by a transformation or dropped due to transformation or conversion errors. (org.apache.kafka.connect.runtime.WorkerSourceTask:484)
[2022-08-13 16:12:44,782] INFO [connector1|task-0|offsets] WorkerSourceTask{id=connector1-0} Either no records were produced by the task since the last offset commit, or every record has been filtered out by a transformation or dropped due to transformation or conversion errors. (org.apache.kafka.connect.runtime.WorkerSourceTask:484)
[2022-08-13 16:12:54,795] INFO [connector1|task-0|offsets] WorkerSourceTask{id=connector1-0} Either no records were produced by the task since the last offset commit, or every record has been filtered out by a transformation or dropped due to transformation or conversion errors. (org.apache.kafka.connect.runtime.WorkerSourceTask:484)
[2022-08-13 16:13:04,808] INFO [connector1|task-0|offsets] WorkerSourceTask{id=connector1-0} Either no records were produced by the task since the last offset commit, or every record has been filtered out by a transformation or dropped due to transformation or conversion errors. (org.apache.kafka.connect.runtime.WorkerSourceTask:484)
[2022-08-13 16:13:14,812] INFO [connector1|task-0|offsets] WorkerSourceTask{id=connector1-0} Either no records were produced by the task since the last offset commit, or every record has been filtered out by a transformation or dropped due to transformation or conversion errors. (org.apache.kafka.connect.runtime.WorkerSourceTask:484)
[2022-08-13 16:13:24,828] INFO [connector1|task-0|offsets] WorkerSourceTask{id=connector1-0} Either no records were produced by the task since the last offset commit, or every record has been filtered out by a transformation or dropped due to transformation or conversion errors. (org.apache.kafka.connect.runtime.WorkerSourceTask:484)
[2022-08-13 16:13:34,837] INFO [connector1|task-0|offsets] WorkerSourceTask{id=connector1-0} Either no records were produced by the task since the last offset commit, or every record has been filtered out by a transformation or dropped due to transformation or conversion errors. (org.apache.kafka.connect.runtime.WorkerSourceTask:484)
[2022-08-13 16:13:44,845] INFO [connector1|task-0|offsets] WorkerSourceTask{id=connector1-0} Either no records were produced by the task since the last offset commit, or every record has been filtered out by a transformation or dropped due to transformation or conversion errors. (org.apache.kafka.connect.runtime.WorkerSourceTask:484)
[2022-08-13 16:13:54,854] INFO [connector1|task-0|offsets] WorkerSourceTask{id=connector1-0} Either no records were produced by the task since the last offset commit, or every record has been filtered out by a transformation or dropped due to transformation or conversion errors. (org.apache.kafka.connect.runtime.WorkerSourceTask:484)
[2022-08-13 16:14:04,865] INFO [connector1|task-0|offsets] WorkerSourceTask{id=connector1-0} Either no records were produced by the task since the last offset commit, or every record has been filtered out by a transformation or dropped due to transformation or conversion errors. (org.apache.kafka.connect.runtime.WorkerSourceTask:484)
[2022-08-13 16:14:10,804] INFO Kafka Connect stopping (org.apache.kafka.connect.runtime.Connect:67)
[2022-08-13 16:14:10,805] INFO Stopping REST server (org.apache.kafka.connect.runtime.rest.RestServer:311)
[2022-08-13 16:14:10,809] INFO Stopped http_8083@66434cc8{HTTP/1.1, (http/1.1)}{0.0.0.0:8083} (org.eclipse.jetty.server.AbstractConnector:381)
[2022-08-13 16:14:10,809] INFO node0 Stopped scavenging (org.eclipse.jetty.server.session:149)
[2022-08-13 16:14:10,810] INFO REST server stopped (org.apache.kafka.connect.runtime.rest.RestServer:328)
[2022-08-13 16:14:10,810] INFO Herder stopping (org.apache.kafka.connect.runtime.standalone.StandaloneHerder:106)
[2022-08-13 16:14:10,810] INFO [connector1|task-0] Stopping task connector1-0 (org.apache.kafka.connect.runtime.Worker:823)
[2022-08-13 16:14:11,228] INFO [connector1|task-0] WorkerSourceTask{id=connector1-0} Either no records were produced by the task since the last offset commit, or every record has been filtered out by a transformation or dropped due to transformation or conversion errors. (org.apache.kafka.connect.runtime.WorkerSourceTask:484)
[2022-08-13 16:14:11,229] INFO [connector1|task-0] Stopping down connector (io.debezium.connector.common.BaseSourceTask:238)
[2022-08-13 16:14:11,306] INFO [connector1|task-0] Finished streaming (io.debezium.pipeline.ChangeEventSourceCoordinator:175)
[2022-08-13 16:14:11,306] INFO [connector1|task-0] Stopped reading binlog after 0 events, last recorded offset: {transaction_id=null, ts_sec=1660386205, file=SF-CPU-562-bin.000076, pos=1630282, server_id=1, event=1} (io.debezium.connector.mysql.MySqlStreamingChangeEventSource:1205)
[2022-08-13 16:14:11,312] INFO [connector1|task-0] Connection gracefully closed (io.debezium.jdbc.JdbcConnection:956)
[2022-08-13 16:14:11,314] INFO [connector1|task-0] [Producer clientId=order_server-dbhistory] Closing the Kafka producer with timeoutMillis = 30000 ms. (org.apache.kafka.clients.producer.KafkaProducer:1228)
[2022-08-13 16:14:11,318] INFO [connector1|task-0] Metrics scheduler closed (org.apache.kafka.common.metrics.Metrics:659)
[2022-08-13 16:14:11,318] INFO [connector1|task-0] Closing reporter org.apache.kafka.common.metrics.JmxReporter (org.apache.kafka.common.metrics.Metrics:663)
[2022-08-13 16:14:11,319] INFO [connector1|task-0] Metrics reporters closed (org.apache.kafka.common.metrics.Metrics:669)
[2022-08-13 16:14:11,320] INFO [connector1|task-0] App info kafka.producer for order_server-dbhistory unregistered (org.apache.kafka.common.utils.AppInfoParser:83)
[2022-08-13 16:14:11,321] INFO [connector1|task-0] [Producer clientId=connector-producer-connector1-0] Closing the Kafka producer with timeoutMillis = 30000 ms. (org.apache.kafka.clients.producer.KafkaProducer:1228)
[2022-08-13 16:14:11,329] INFO [connector1|task-0] Metrics scheduler closed (org.apache.kafka.common.metrics.Metrics:659)
[2022-08-13 16:14:11,329] INFO [connector1|task-0] Closing reporter org.apache.kafka.common.metrics.JmxReporter (org.apache.kafka.common.metrics.Metrics:663)
[2022-08-13 16:14:11,329] INFO [connector1|task-0] Metrics reporters closed (org.apache.kafka.common.metrics.Metrics:669)
[2022-08-13 16:14:11,330] INFO [connector1|task-0] App info kafka.producer for connector-producer-connector1-0 unregistered (org.apache.kafka.common.utils.AppInfoParser:83)
[2022-08-13 16:14:11,331] INFO [connector1|worker] Stopping connector connector1 (org.apache.kafka.connect.runtime.Worker:376)
[2022-08-13 16:14:11,332] INFO [connector1|worker] Scheduled shutdown for WorkerConnector{id=connector1} (org.apache.kafka.connect.runtime.WorkerConnector:248)
[2022-08-13 16:14:11,332] INFO [connector1|worker] Completed shutdown for WorkerConnector{id=connector1} (org.apache.kafka.connect.runtime.WorkerConnector:268)
[2022-08-13 16:14:11,333] INFO Worker stopping (org.apache.kafka.connect.runtime.Worker:199)
[2022-08-13 16:14:11,333] INFO Stopped FileOffsetBackingStore (org.apache.kafka.connect.storage.FileOffsetBackingStore:66)
[2022-08-13 16:14:11,334] INFO Metrics scheduler closed (org.apache.kafka.common.metrics.Metrics:659)
[2022-08-13 16:14:11,334] INFO Closing reporter org.apache.kafka.common.metrics.JmxReporter (org.apache.kafka.common.metrics.Metrics:663)
[2022-08-13 16:14:11,334] INFO Metrics reporters closed (org.apache.kafka.common.metrics.Metrics:669)
[2022-08-13 16:14:11,335] INFO App info kafka.connect for 192.168.0.111:8083 unregistered (org.apache.kafka.common.utils.AppInfoParser:83)
[2022-08-13 16:14:11,335] INFO Worker stopped (org.apache.kafka.connect.runtime.Worker:220)
[2022-08-13 16:14:11,336] INFO Herder stopped (org.apache.kafka.connect.runtime.standalone.StandaloneHerder:124)
[2022-08-13 16:14:11,339] INFO Kafka Connect stopped (org.apache.kafka.connect.runtime.Connect:72)
