[2022-08-13 09:54:56,494] INFO Starting the log cleaner (kafka.log.LogCleaner)
[2022-08-13 09:54:56,542] INFO [kafka-log-cleaner-thread-0]: Starting (kafka.log.LogCleaner)
[2022-08-13 12:16:43,390] INFO Shutting down the log cleaner. (kafka.log.LogCleaner)
[2022-08-13 12:16:43,391] INFO [kafka-log-cleaner-thread-0]: Shutting down (kafka.log.LogCleaner)
[2022-08-13 12:16:43,391] INFO [kafka-log-cleaner-thread-0]: Stopped (kafka.log.LogCleaner)
[2022-08-13 12:16:43,392] INFO [kafka-log-cleaner-thread-0]: Shutdown completed (kafka.log.LogCleaner)
[2022-08-13 12:17:02,659] INFO Starting the log cleaner (kafka.log.LogCleaner)
[2022-08-13 12:17:02,707] INFO [kafka-log-cleaner-thread-0]: Starting (kafka.log.LogCleaner)
[2022-08-13 12:41:02,746] INFO Shutting down the log cleaner. (kafka.log.LogCleaner)
[2022-08-13 12:41:02,746] INFO [kafka-log-cleaner-thread-0]: Shutting down (kafka.log.LogCleaner)
[2022-08-13 12:41:02,747] INFO [kafka-log-cleaner-thread-0]: Stopped (kafka.log.LogCleaner)
[2022-08-13 12:41:02,747] INFO [kafka-log-cleaner-thread-0]: Shutdown completed (kafka.log.LogCleaner)
[2022-08-13 13:14:19,452] INFO Starting the log cleaner (kafka.log.LogCleaner)
[2022-08-13 13:14:19,499] INFO [kafka-log-cleaner-thread-0]: Starting (kafka.log.LogCleaner)
[2022-08-13 13:35:34,927] INFO Shutting down the log cleaner. (kafka.log.LogCleaner)
[2022-08-13 13:35:34,928] INFO [kafka-log-cleaner-thread-0]: Shutting down (kafka.log.LogCleaner)
[2022-08-13 13:35:34,928] INFO [kafka-log-cleaner-thread-0]: Stopped (kafka.log.LogCleaner)
[2022-08-13 13:35:34,928] INFO [kafka-log-cleaner-thread-0]: Shutdown completed (kafka.log.LogCleaner)
[2022-08-13 13:36:16,111] INFO Starting the log cleaner (kafka.log.LogCleaner)
[2022-08-13 13:36:16,158] INFO [kafka-log-cleaner-thread-0]: Starting (kafka.log.LogCleaner)
[2022-08-13 16:14:18,536] INFO Shutting down the log cleaner. (kafka.log.LogCleaner)
[2022-08-13 16:14:18,537] INFO [kafka-log-cleaner-thread-0]: Shutting down (kafka.log.LogCleaner)
[2022-08-13 16:14:18,537] INFO [kafka-log-cleaner-thread-0]: Stopped (kafka.log.LogCleaner)
[2022-08-13 16:14:18,537] INFO [kafka-log-cleaner-thread-0]: Shutdown completed (kafka.log.LogCleaner)
