[2022-08-13 15:06:41,680] INFO Expiring session 0x1001070e54b0000, timeout of 18000ms exceeded (org.apache.zookeeper.server.ZooKeeperServer)
[2022-08-13 15:06:41,609] INFO [GroupCoordinator 0]: Member consumer-json-1-cd4b5cb4-ae86-4fba-9a46-5ee66e9af10f in group json has failed, removing it from the group (kafka.coordinator.group.GroupCoordinator)
[2022-08-13 15:06:42,267] WARN Client session timed out, have not heard from server in 2833034ms for session id 0x1001070e54b0000 (org.apache.zookeeper.ClientCnxn)
[2022-08-13 15:06:42,417] INFO [GroupCoordinator 0]: Preparing to rebalance group json in state PreparingRebalance with old generation 47 (__consumer_offsets-12) (reason: removing member consumer-json-1-cd4b5cb4-ae86-4fba-9a46-5ee66e9af10f on heartbeat expiration) (kafka.coordinator.group.GroupCoordinator)
[2022-08-13 15:06:42,614] WARN Session 0x1001070e54b0000 for sever localhost/127.0.0.1:2181, Closing socket connection. Attempting reconnect except it is a SessionExpiredException. (org.apache.zookeeper.ClientCnxn)
org.apache.zookeeper.ClientCnxn$SessionTimeoutException: Client session timed out, have not heard from server in 2833034ms for session id 0x1001070e54b0000
	at org.apache.zookeeper.ClientCnxn$SendThread.run(ClientCnxn.java:1258)
[2022-08-13 15:06:42,696] INFO [GroupCoordinator 0]: Group json with generation 48 is now empty (__consumer_offsets-12) (kafka.coordinator.group.GroupCoordinator)
[2022-08-13 15:06:42,774] INFO [GroupCoordinator 0]: Dynamic member with unknown member id joins group json in Empty state. Created a new member id consumer-json-1-fa626586-8873-4ebb-baf6-65e251f5b180 and request the member to rejoin with this id. (kafka.coordinator.group.GroupCoordinator)
[2022-08-13 15:06:42,798] INFO [GroupCoordinator 0]: Preparing to rebalance group json in state PreparingRebalance with old generation 48 (__consumer_offsets-12) (reason: Adding new member consumer-json-1-fa626586-8873-4ebb-baf6-65e251f5b180 with group instance id None) (kafka.coordinator.group.GroupCoordinator)
[2022-08-13 15:06:42,803] INFO [GroupCoordinator 0]: Stabilized group json generation 49 (__consumer_offsets-12) with 1 members (kafka.coordinator.group.GroupCoordinator)
[2022-08-13 15:06:42,820] INFO [GroupCoordinator 0]: Assignment received from leader consumer-json-1-fa626586-8873-4ebb-baf6-65e251f5b180 for group json for generation 49. The group has 1 members, 0 of which are static. (kafka.coordinator.group.GroupCoordinator)
[2022-08-13 15:06:43,999] INFO Opening socket connection to server localhost/[0:0:0:0:0:0:0:1]:2181. (org.apache.zookeeper.ClientCnxn)
[2022-08-13 15:06:43,999] INFO SASL config status: Will not attempt to authenticate using SASL (unknown error) (org.apache.zookeeper.ClientCnxn)
[2022-08-13 15:06:44,002] INFO Socket connection established, initiating session, client: /[0:0:0:0:0:0:0:1]:57434, server: localhost/[0:0:0:0:0:0:0:1]:2181 (org.apache.zookeeper.ClientCnxn)
[2022-08-13 15:06:44,003] INFO Invalid session 0x1001070e54b0000 for client /[0:0:0:0:0:0:0:1]:57434, probably expired (org.apache.zookeeper.server.ZooKeeperServer)
[2022-08-13 15:06:44,004] WARN Unable to reconnect to ZooKeeper service, session 0x1001070e54b0000 has expired (org.apache.zookeeper.ClientCnxn)
[2022-08-13 15:06:44,004] WARN Session 0x1001070e54b0000 for sever localhost/[0:0:0:0:0:0:0:1]:2181, Closing socket connection. Attempting reconnect except it is a SessionExpiredException. (org.apache.zookeeper.ClientCnxn)
org.apache.zookeeper.ClientCnxn$SessionExpiredException: Unable to reconnect to ZooKeeper service, session 0x1001070e54b0000 has expired
	at org.apache.zookeeper.ClientCnxn$SendThread.onConnected(ClientCnxn.java:1434)
	at org.apache.zookeeper.ClientCnxnSocket.readConnectResult(ClientCnxnSocket.java:154)
	at org.apache.zookeeper.ClientCnxnSocketNIO.doIO(ClientCnxnSocketNIO.java:86)
	at org.apache.zookeeper.ClientCnxnSocketNIO.doTransport(ClientCnxnSocketNIO.java:350)
	at org.apache.zookeeper.ClientCnxn$SendThread.run(ClientCnxn.java:1290)
[2022-08-13 15:06:44,005] INFO EventThread shut down for session: 0x1001070e54b0000 (org.apache.zookeeper.ClientCnxn)
[2022-08-13 15:06:44,006] INFO [ZooKeeperClient Kafka server] Session expired. (kafka.zookeeper.ZooKeeperClient)
[2022-08-13 15:06:44,008] INFO [ZooKeeperClient Kafka server] Initializing a new session to localhost:2181. (kafka.zookeeper.ZooKeeperClient)
[2022-08-13 15:06:44,008] INFO Initiating client connection, connectString=localhost:2181 sessionTimeout=18000 watcher=kafka.zookeeper.ZooKeeperClient$ZooKeeperClientWatcher$@490caf5f (org.apache.zookeeper.ZooKeeper)
[2022-08-13 15:06:44,010] INFO jute.maxbuffer value is 4194304 Bytes (org.apache.zookeeper.ClientCnxnSocket)
[2022-08-13 15:06:44,010] INFO zookeeper.request.timeout value is 0. feature enabled=false (org.apache.zookeeper.ClientCnxn)
[2022-08-13 15:06:44,012] INFO Opening socket connection to server localhost/127.0.0.1:2181. (org.apache.zookeeper.ClientCnxn)
[2022-08-13 15:06:44,013] INFO SASL config status: Will not attempt to authenticate using SASL (unknown error) (org.apache.zookeeper.ClientCnxn)
[2022-08-13 15:06:44,013] INFO Socket connection established, initiating session, client: /127.0.0.1:57435, server: localhost/127.0.0.1:2181 (org.apache.zookeeper.ClientCnxn)
[2022-08-13 15:06:44,020] INFO Session establishment complete on server localhost/127.0.0.1:2181, session id = 0x1001070e54b0001, negotiated timeout = 18000 (org.apache.zookeeper.ClientCnxn)
[2022-08-13 15:06:44,021] INFO Creating /brokers/ids/0 (is it secure? false) (kafka.zk.KafkaZkClient)
[2022-08-13 15:06:44,023] INFO Updated cache from existing FinalizedFeaturesAndEpoch(features=Features{}, epoch=0) to latest FinalizedFeaturesAndEpoch(features=Features{}, epoch=0). (kafka.server.FinalizedFeatureCache)
[2022-08-13 15:06:44,026] INFO Stat of the created znode at /brokers/ids/0 is: 223,223,1660383404023,1660383404023,1,0,0,72075671107207169,224,0,223
 (kafka.zk.KafkaZkClient)
[2022-08-13 15:06:44,026] INFO Registered broker 0 at path /brokers/ids/0 with addresses: PLAINTEXT://host.docker.internal:9092, czxid (broker epoch): 223 (kafka.zk.KafkaZkClient)
[2022-08-13 15:07:49,127] INFO [GroupCoordinator 0]: Preparing to rebalance group json in state PreparingRebalance with old generation 49 (__consumer_offsets-12) (reason: Removing member consumer-json-1-fa626586-8873-4ebb-baf6-65e251f5b180 on LeaveGroup) (kafka.coordinator.group.GroupCoordinator)
[2022-08-13 15:07:49,128] INFO [GroupCoordinator 0]: Group json with generation 50 is now empty (__consumer_offsets-12) (kafka.coordinator.group.GroupCoordinator)
[2022-08-13 15:07:49,130] INFO [GroupCoordinator 0]: Member MemberMetadata(memberId=consumer-json-1-fa626586-8873-4ebb-baf6-65e251f5b180, groupInstanceId=None, clientId=consumer-json-1, clientHost=/192.168.0.111, sessionTimeoutMs=45000, rebalanceTimeoutMs=300000, supportedProtocols=List(range, cooperative-sticky)) has left group json through explicit `LeaveGroup` request (kafka.coordinator.group.GroupCoordinator)
[2022-08-13 15:07:57,779] INFO [GroupCoordinator 0]: Dynamic member with unknown member id joins group console-consumer-69302 in Empty state. Created a new member id console-consumer-c1498f92-2eb5-4ca7-968f-74a56b7341f6 and request the member to rejoin with this id. (kafka.coordinator.group.GroupCoordinator)
[2022-08-13 15:07:57,781] INFO [GroupCoordinator 0]: Preparing to rebalance group console-consumer-69302 in state PreparingRebalance with old generation 0 (__consumer_offsets-21) (reason: Adding new member console-consumer-c1498f92-2eb5-4ca7-968f-74a56b7341f6 with group instance id None) (kafka.coordinator.group.GroupCoordinator)
[2022-08-13 15:07:57,782] INFO [GroupCoordinator 0]: Stabilized group console-consumer-69302 generation 1 (__consumer_offsets-21) with 1 members (kafka.coordinator.group.GroupCoordinator)
[2022-08-13 15:07:57,783] INFO [GroupCoordinator 0]: Assignment received from leader console-consumer-c1498f92-2eb5-4ca7-968f-74a56b7341f6 for group console-consumer-69302 for generation 1. The group has 1 members, 0 of which are static. (kafka.coordinator.group.GroupCoordinator)
[2022-08-13 15:07:58,175] INFO [GroupCoordinator 0]: Dynamic member with unknown member id joins group json in Empty state. Created a new member id consumer-json-1-5caf53c2-61d2-4793-bf73-cb52a6409bd3 and request the member to rejoin with this id. (kafka.coordinator.group.GroupCoordinator)
[2022-08-13 15:07:58,177] INFO [GroupCoordinator 0]: Preparing to rebalance group json in state PreparingRebalance with old generation 50 (__consumer_offsets-12) (reason: Adding new member consumer-json-1-5caf53c2-61d2-4793-bf73-cb52a6409bd3 with group instance id None) (kafka.coordinator.group.GroupCoordinator)
[2022-08-13 15:07:58,178] INFO [GroupCoordinator 0]: Stabilized group json generation 51 (__consumer_offsets-12) with 1 members (kafka.coordinator.group.GroupCoordinator)
[2022-08-13 15:07:58,182] INFO [GroupCoordinator 0]: Assignment received from leader consumer-json-1-5caf53c2-61d2-4793-bf73-cb52a6409bd3 for group json for generation 51. The group has 1 members, 0 of which are static. (kafka.coordinator.group.GroupCoordinator)
[2022-08-13 15:09:55,454] INFO [GroupCoordinator 0]: Dynamic member with unknown member id joins group order_server-dbhistory in Empty state. Created a new member id order_server-dbhistory-a6f15092-5d71-4e84-9067-f09d0bf6d101 and request the member to rejoin with this id. (kafka.coordinator.group.GroupCoordinator)
[2022-08-13 15:09:55,458] INFO [GroupCoordinator 0]: Preparing to rebalance group order_server-dbhistory in state PreparingRebalance with old generation 0 (__consumer_offsets-39) (reason: Adding new member order_server-dbhistory-a6f15092-5d71-4e84-9067-f09d0bf6d101 with group instance id None) (kafka.coordinator.group.GroupCoordinator)
[2022-08-13 15:09:55,458] INFO [GroupCoordinator 0]: Stabilized group order_server-dbhistory generation 1 (__consumer_offsets-39) with 1 members (kafka.coordinator.group.GroupCoordinator)
[2022-08-13 15:09:55,460] INFO [GroupCoordinator 0]: Assignment received from leader order_server-dbhistory-a6f15092-5d71-4e84-9067-f09d0bf6d101 for group order_server-dbhistory for generation 1. The group has 1 members, 0 of which are static. (kafka.coordinator.group.GroupCoordinator)
[2022-08-13 15:09:55,509] INFO [GroupCoordinator 0]: Preparing to rebalance group order_server-dbhistory in state PreparingRebalance with old generation 1 (__consumer_offsets-39) (reason: Removing member order_server-dbhistory-a6f15092-5d71-4e84-9067-f09d0bf6d101 on LeaveGroup) (kafka.coordinator.group.GroupCoordinator)
[2022-08-13 15:09:55,510] INFO [GroupCoordinator 0]: Group order_server-dbhistory with generation 2 is now empty (__consumer_offsets-39) (kafka.coordinator.group.GroupCoordinator)
[2022-08-13 15:09:55,512] INFO [GroupCoordinator 0]: Member MemberMetadata(memberId=order_server-dbhistory-a6f15092-5d71-4e84-9067-f09d0bf6d101, groupInstanceId=None, clientId=order_server-dbhistory, clientHost=/192.168.0.111, sessionTimeoutMs=10000, rebalanceTimeoutMs=300000, supportedProtocols=List(range, cooperative-sticky)) has left group order_server-dbhistory through explicit `LeaveGroup` request (kafka.coordinator.group.GroupCoordinator)
[2022-08-13 15:11:08,479] INFO [GroupCoordinator 0]: Preparing to rebalance group json in state PreparingRebalance with old generation 51 (__consumer_offsets-12) (reason: Removing member consumer-json-1-5caf53c2-61d2-4793-bf73-cb52a6409bd3 on LeaveGroup) (kafka.coordinator.group.GroupCoordinator)
[2022-08-13 15:11:08,479] INFO [GroupCoordinator 0]: Group json with generation 52 is now empty (__consumer_offsets-12) (kafka.coordinator.group.GroupCoordinator)
[2022-08-13 15:11:08,481] INFO [GroupCoordinator 0]: Member MemberMetadata(memberId=consumer-json-1-5caf53c2-61d2-4793-bf73-cb52a6409bd3, groupInstanceId=None, clientId=consumer-json-1, clientHost=/192.168.0.111, sessionTimeoutMs=45000, rebalanceTimeoutMs=300000, supportedProtocols=List(range, cooperative-sticky)) has left group json through explicit `LeaveGroup` request (kafka.coordinator.group.GroupCoordinator)
[2022-08-13 15:11:16,925] INFO [GroupCoordinator 0]: Dynamic member with unknown member id joins group json in Empty state. Created a new member id consumer-json-1-a247753f-635e-4916-b598-fd99b3514024 and request the member to rejoin with this id. (kafka.coordinator.group.GroupCoordinator)
[2022-08-13 15:11:16,929] INFO [GroupCoordinator 0]: Preparing to rebalance group json in state PreparingRebalance with old generation 52 (__consumer_offsets-12) (reason: Adding new member consumer-json-1-a247753f-635e-4916-b598-fd99b3514024 with group instance id None) (kafka.coordinator.group.GroupCoordinator)
[2022-08-13 15:11:16,929] INFO [GroupCoordinator 0]: Stabilized group json generation 53 (__consumer_offsets-12) with 1 members (kafka.coordinator.group.GroupCoordinator)
[2022-08-13 15:11:16,935] INFO [GroupCoordinator 0]: Assignment received from leader consumer-json-1-a247753f-635e-4916-b598-fd99b3514024 for group json for generation 53. The group has 1 members, 0 of which are static. (kafka.coordinator.group.GroupCoordinator)
[2022-08-13 15:11:47,464] INFO [GroupCoordinator 0]: Preparing to rebalance group console-consumer-69302 in state PreparingRebalance with old generation 1 (__consumer_offsets-21) (reason: Removing member console-consumer-c1498f92-2eb5-4ca7-968f-74a56b7341f6 on LeaveGroup) (kafka.coordinator.group.GroupCoordinator)
[2022-08-13 15:11:47,464] INFO [GroupCoordinator 0]: Group console-consumer-69302 with generation 2 is now empty (__consumer_offsets-21) (kafka.coordinator.group.GroupCoordinator)
[2022-08-13 15:11:47,466] INFO [GroupCoordinator 0]: Member MemberMetadata(memberId=console-consumer-c1498f92-2eb5-4ca7-968f-74a56b7341f6, groupInstanceId=None, clientId=console-consumer, clientHost=/192.168.0.111, sessionTimeoutMs=45000, rebalanceTimeoutMs=300000, supportedProtocols=List(range, cooperative-sticky)) has left group console-consumer-69302 through explicit `LeaveGroup` request (kafka.coordinator.group.GroupCoordinator)
[2022-08-13 15:13:24,019] INFO [GroupMetadataManager brokerId=0] Group order_server-dbhistory transitioned to Dead in generation 2 (kafka.coordinator.group.GroupMetadataManager)
[2022-08-13 15:13:24,020] INFO [GroupMetadataManager brokerId=0] Group console-consumer-69302 transitioned to Dead in generation 2 (kafka.coordinator.group.GroupMetadataManager)
[2022-08-13 15:13:37,072] INFO [GroupCoordinator 0]: Dynamic member with unknown member id joins group order_server-dbhistory in Empty state. Created a new member id order_server-dbhistory-10f9f198-ba9b-4998-974b-f24ab70c9f82 and request the member to rejoin with this id. (kafka.coordinator.group.GroupCoordinator)
[2022-08-13 15:13:37,074] INFO [GroupCoordinator 0]: Preparing to rebalance group order_server-dbhistory in state PreparingRebalance with old generation 0 (__consumer_offsets-39) (reason: Adding new member order_server-dbhistory-10f9f198-ba9b-4998-974b-f24ab70c9f82 with group instance id None) (kafka.coordinator.group.GroupCoordinator)
[2022-08-13 15:13:37,074] INFO [GroupCoordinator 0]: Stabilized group order_server-dbhistory generation 1 (__consumer_offsets-39) with 1 members (kafka.coordinator.group.GroupCoordinator)
[2022-08-13 15:13:37,077] INFO [GroupCoordinator 0]: Assignment received from leader order_server-dbhistory-10f9f198-ba9b-4998-974b-f24ab70c9f82 for group order_server-dbhistory for generation 1. The group has 1 members, 0 of which are static. (kafka.coordinator.group.GroupCoordinator)
[2022-08-13 15:13:37,120] INFO [GroupCoordinator 0]: Preparing to rebalance group order_server-dbhistory in state PreparingRebalance with old generation 1 (__consumer_offsets-39) (reason: Removing member order_server-dbhistory-10f9f198-ba9b-4998-974b-f24ab70c9f82 on LeaveGroup) (kafka.coordinator.group.GroupCoordinator)
[2022-08-13 15:13:37,124] INFO [GroupCoordinator 0]: Group order_server-dbhistory with generation 2 is now empty (__consumer_offsets-39) (kafka.coordinator.group.GroupCoordinator)
[2022-08-13 15:13:37,126] INFO [GroupCoordinator 0]: Member MemberMetadata(memberId=order_server-dbhistory-10f9f198-ba9b-4998-974b-f24ab70c9f82, groupInstanceId=None, clientId=order_server-dbhistory, clientHost=/192.168.0.111, sessionTimeoutMs=10000, rebalanceTimeoutMs=300000, supportedProtocols=List(range, cooperative-sticky)) has left group order_server-dbhistory through explicit `LeaveGroup` request (kafka.coordinator.group.GroupCoordinator)
[2022-08-13 15:14:09,752] INFO [GroupCoordinator 0]: Dynamic member with unknown member id joins group console-consumer-19974 in Empty state. Created a new member id console-consumer-5fe22bc9-bc64-4f7d-ba5d-ada3acca6a46 and request the member to rejoin with this id. (kafka.coordinator.group.GroupCoordinator)
[2022-08-13 15:14:09,754] INFO [GroupCoordinator 0]: Preparing to rebalance group console-consumer-19974 in state PreparingRebalance with old generation 0 (__consumer_offsets-1) (reason: Adding new member console-consumer-5fe22bc9-bc64-4f7d-ba5d-ada3acca6a46 with group instance id None) (kafka.coordinator.group.GroupCoordinator)
[2022-08-13 15:14:09,754] INFO [GroupCoordinator 0]: Stabilized group console-consumer-19974 generation 1 (__consumer_offsets-1) with 1 members (kafka.coordinator.group.GroupCoordinator)
[2022-08-13 15:14:09,758] INFO [GroupCoordinator 0]: Assignment received from leader console-consumer-5fe22bc9-bc64-4f7d-ba5d-ada3acca6a46 for group console-consumer-19974 for generation 1. The group has 1 members, 0 of which are static. (kafka.coordinator.group.GroupCoordinator)
[2022-08-13 15:16:16,618] INFO [GroupMetadataManager brokerId=0] Group order_server-dbhistory transitioned to Dead in generation 2 (kafka.coordinator.group.GroupMetadataManager)
[2022-08-13 15:17:20,804] INFO [GroupCoordinator 0]: Dynamic member with unknown member id joins group order_server-dbhistory in Empty state. Created a new member id order_server-dbhistory-5cd9d40b-d6a9-445e-8075-411e8702ce6b and request the member to rejoin with this id. (kafka.coordinator.group.GroupCoordinator)
[2022-08-13 15:17:20,808] INFO [GroupCoordinator 0]: Preparing to rebalance group order_server-dbhistory in state PreparingRebalance with old generation 0 (__consumer_offsets-39) (reason: Adding new member order_server-dbhistory-5cd9d40b-d6a9-445e-8075-411e8702ce6b with group instance id None) (kafka.coordinator.group.GroupCoordinator)
[2022-08-13 15:17:20,809] INFO [GroupCoordinator 0]: Stabilized group order_server-dbhistory generation 1 (__consumer_offsets-39) with 1 members (kafka.coordinator.group.GroupCoordinator)
[2022-08-13 15:17:20,815] INFO [GroupCoordinator 0]: Assignment received from leader order_server-dbhistory-5cd9d40b-d6a9-445e-8075-411e8702ce6b for group order_server-dbhistory for generation 1. The group has 1 members, 0 of which are static. (kafka.coordinator.group.GroupCoordinator)
[2022-08-13 15:17:21,297] INFO [GroupCoordinator 0]: Preparing to rebalance group order_server-dbhistory in state PreparingRebalance with old generation 1 (__consumer_offsets-39) (reason: Removing member order_server-dbhistory-5cd9d40b-d6a9-445e-8075-411e8702ce6b on LeaveGroup) (kafka.coordinator.group.GroupCoordinator)
[2022-08-13 15:17:21,297] INFO [GroupCoordinator 0]: Group order_server-dbhistory with generation 2 is now empty (__consumer_offsets-39) (kafka.coordinator.group.GroupCoordinator)
[2022-08-13 15:17:21,300] INFO [GroupCoordinator 0]: Member MemberMetadata(memberId=order_server-dbhistory-5cd9d40b-d6a9-445e-8075-411e8702ce6b, groupInstanceId=None, clientId=order_server-dbhistory, clientHost=/192.168.0.111, sessionTimeoutMs=10000, rebalanceTimeoutMs=300000, supportedProtocols=List(range, cooperative-sticky)) has left group order_server-dbhistory through explicit `LeaveGroup` request (kafka.coordinator.group.GroupCoordinator)
[2022-08-13 15:24:31,814] INFO [GroupCoordinator 0]: Preparing to rebalance group json in state PreparingRebalance with old generation 53 (__consumer_offsets-12) (reason: Removing member consumer-json-1-a247753f-635e-4916-b598-fd99b3514024 on LeaveGroup) (kafka.coordinator.group.GroupCoordinator)
[2022-08-13 15:24:31,814] INFO [GroupCoordinator 0]: Group json with generation 54 is now empty (__consumer_offsets-12) (kafka.coordinator.group.GroupCoordinator)
[2022-08-13 15:24:31,817] INFO [GroupCoordinator 0]: Member MemberMetadata(memberId=consumer-json-1-a247753f-635e-4916-b598-fd99b3514024, groupInstanceId=None, clientId=consumer-json-1, clientHost=/192.168.0.111, sessionTimeoutMs=45000, rebalanceTimeoutMs=300000, supportedProtocols=List(range, cooperative-sticky)) has left group json through explicit `LeaveGroup` request (kafka.coordinator.group.GroupCoordinator)
[2022-08-13 15:24:42,445] INFO [GroupCoordinator 0]: Dynamic member with unknown member id joins group json in Empty state. Created a new member id consumer-json-1-436f8ad3-710c-432d-809d-c1d5a8d77515 and request the member to rejoin with this id. (kafka.coordinator.group.GroupCoordinator)
[2022-08-13 15:24:42,449] INFO [GroupCoordinator 0]: Preparing to rebalance group json in state PreparingRebalance with old generation 54 (__consumer_offsets-12) (reason: Adding new member consumer-json-1-436f8ad3-710c-432d-809d-c1d5a8d77515 with group instance id None) (kafka.coordinator.group.GroupCoordinator)
[2022-08-13 15:24:42,449] INFO [GroupCoordinator 0]: Stabilized group json generation 55 (__consumer_offsets-12) with 1 members (kafka.coordinator.group.GroupCoordinator)
[2022-08-13 15:24:42,458] INFO [GroupCoordinator 0]: Assignment received from leader consumer-json-1-436f8ad3-710c-432d-809d-c1d5a8d77515 for group json for generation 55. The group has 1 members, 0 of which are static. (kafka.coordinator.group.GroupCoordinator)
[2022-08-13 15:26:16,613] INFO [GroupMetadataManager brokerId=0] Group order_server-dbhistory transitioned to Dead in generation 2 (kafka.coordinator.group.GroupMetadataManager)
[2022-08-13 15:26:21,455] INFO [GroupCoordinator 0]: Preparing to rebalance group json in state PreparingRebalance with old generation 55 (__consumer_offsets-12) (reason: Removing member consumer-json-1-436f8ad3-710c-432d-809d-c1d5a8d77515 on LeaveGroup) (kafka.coordinator.group.GroupCoordinator)
[2022-08-13 15:26:21,455] INFO [GroupCoordinator 0]: Group json with generation 56 is now empty (__consumer_offsets-12) (kafka.coordinator.group.GroupCoordinator)
[2022-08-13 15:26:21,458] INFO [GroupCoordinator 0]: Member MemberMetadata(memberId=consumer-json-1-436f8ad3-710c-432d-809d-c1d5a8d77515, groupInstanceId=None, clientId=consumer-json-1, clientHost=/192.168.0.111, sessionTimeoutMs=45000, rebalanceTimeoutMs=300000, supportedProtocols=List(range, cooperative-sticky)) has left group json through explicit `LeaveGroup` request (kafka.coordinator.group.GroupCoordinator)
[2022-08-13 15:26:29,933] INFO [GroupCoordinator 0]: Dynamic member with unknown member id joins group json in Empty state. Created a new member id consumer-json-1-239f2111-c9ab-41f3-8856-5b02786a9e48 and request the member to rejoin with this id. (kafka.coordinator.group.GroupCoordinator)
[2022-08-13 15:26:29,936] INFO [GroupCoordinator 0]: Preparing to rebalance group json in state PreparingRebalance with old generation 56 (__consumer_offsets-12) (reason: Adding new member consumer-json-1-239f2111-c9ab-41f3-8856-5b02786a9e48 with group instance id None) (kafka.coordinator.group.GroupCoordinator)
[2022-08-13 15:26:29,936] INFO [GroupCoordinator 0]: Stabilized group json generation 57 (__consumer_offsets-12) with 1 members (kafka.coordinator.group.GroupCoordinator)
[2022-08-13 15:26:29,940] INFO [GroupCoordinator 0]: Assignment received from leader consumer-json-1-239f2111-c9ab-41f3-8856-5b02786a9e48 for group json for generation 57. The group has 1 members, 0 of which are static. (kafka.coordinator.group.GroupCoordinator)
[2022-08-13 15:27:36,730] INFO [GroupCoordinator 0]: Dynamic member with unknown member id joins group order_server-dbhistory in Empty state. Created a new member id order_server-dbhistory-4035f7ea-f7ea-413c-8ba7-3420d805101a and request the member to rejoin with this id. (kafka.coordinator.group.GroupCoordinator)
[2022-08-13 15:27:36,733] INFO [GroupCoordinator 0]: Preparing to rebalance group order_server-dbhistory in state PreparingRebalance with old generation 0 (__consumer_offsets-39) (reason: Adding new member order_server-dbhistory-4035f7ea-f7ea-413c-8ba7-3420d805101a with group instance id None) (kafka.coordinator.group.GroupCoordinator)
[2022-08-13 15:27:36,733] INFO [GroupCoordinator 0]: Stabilized group order_server-dbhistory generation 1 (__consumer_offsets-39) with 1 members (kafka.coordinator.group.GroupCoordinator)
[2022-08-13 15:27:36,739] INFO [GroupCoordinator 0]: Assignment received from leader order_server-dbhistory-4035f7ea-f7ea-413c-8ba7-3420d805101a for group order_server-dbhistory for generation 1. The group has 1 members, 0 of which are static. (kafka.coordinator.group.GroupCoordinator)
[2022-08-13 15:27:37,191] INFO [GroupCoordinator 0]: Preparing to rebalance group order_server-dbhistory in state PreparingRebalance with old generation 1 (__consumer_offsets-39) (reason: Removing member order_server-dbhistory-4035f7ea-f7ea-413c-8ba7-3420d805101a on LeaveGroup) (kafka.coordinator.group.GroupCoordinator)
[2022-08-13 15:27:37,191] INFO [GroupCoordinator 0]: Group order_server-dbhistory with generation 2 is now empty (__consumer_offsets-39) (kafka.coordinator.group.GroupCoordinator)
[2022-08-13 15:27:37,193] INFO [GroupCoordinator 0]: Member MemberMetadata(memberId=order_server-dbhistory-4035f7ea-f7ea-413c-8ba7-3420d805101a, groupInstanceId=None, clientId=order_server-dbhistory, clientHost=/192.168.0.111, sessionTimeoutMs=10000, rebalanceTimeoutMs=300000, supportedProtocols=List(range, cooperative-sticky)) has left group order_server-dbhistory through explicit `LeaveGroup` request (kafka.coordinator.group.GroupCoordinator)
[2022-08-13 15:30:23,866] INFO [GroupCoordinator 0]: Preparing to rebalance group json in state PreparingRebalance with old generation 57 (__consumer_offsets-12) (reason: Removing member consumer-json-1-239f2111-c9ab-41f3-8856-5b02786a9e48 on LeaveGroup) (kafka.coordinator.group.GroupCoordinator)
[2022-08-13 15:30:23,866] INFO [GroupCoordinator 0]: Group json with generation 58 is now empty (__consumer_offsets-12) (kafka.coordinator.group.GroupCoordinator)
[2022-08-13 15:30:23,868] INFO [GroupCoordinator 0]: Member MemberMetadata(memberId=consumer-json-1-239f2111-c9ab-41f3-8856-5b02786a9e48, groupInstanceId=None, clientId=consumer-json-1, clientHost=/192.168.0.111, sessionTimeoutMs=45000, rebalanceTimeoutMs=300000, supportedProtocols=List(range, cooperative-sticky)) has left group json through explicit `LeaveGroup` request (kafka.coordinator.group.GroupCoordinator)
[2022-08-13 15:30:32,905] INFO [GroupCoordinator 0]: Dynamic member with unknown member id joins group json in Empty state. Created a new member id consumer-json-1-8239d31f-1ba8-40ac-9813-796a8abd93e3 and request the member to rejoin with this id. (kafka.coordinator.group.GroupCoordinator)
[2022-08-13 15:30:32,907] INFO [GroupCoordinator 0]: Preparing to rebalance group json in state PreparingRebalance with old generation 58 (__consumer_offsets-12) (reason: Adding new member consumer-json-1-8239d31f-1ba8-40ac-9813-796a8abd93e3 with group instance id None) (kafka.coordinator.group.GroupCoordinator)
[2022-08-13 15:30:32,908] INFO [GroupCoordinator 0]: Stabilized group json generation 59 (__consumer_offsets-12) with 1 members (kafka.coordinator.group.GroupCoordinator)
[2022-08-13 15:30:32,913] INFO [GroupCoordinator 0]: Assignment received from leader consumer-json-1-8239d31f-1ba8-40ac-9813-796a8abd93e3 for group json for generation 59. The group has 1 members, 0 of which are static. (kafka.coordinator.group.GroupCoordinator)
[2022-08-13 15:32:21,877] INFO [GroupCoordinator 0]: Member console-consumer-5fe22bc9-bc64-4f7d-ba5d-ada3acca6a46 in group console-consumer-19974 has failed, removing it from the group (kafka.coordinator.group.GroupCoordinator)
[2022-08-13 15:32:21,879] INFO [GroupCoordinator 0]: Preparing to rebalance group console-consumer-19974 in state PreparingRebalance with old generation 1 (__consumer_offsets-1) (reason: removing member console-consumer-5fe22bc9-bc64-4f7d-ba5d-ada3acca6a46 on heartbeat expiration) (kafka.coordinator.group.GroupCoordinator)
[2022-08-13 15:32:21,880] INFO [GroupCoordinator 0]: Group console-consumer-19974 with generation 2 is now empty (__consumer_offsets-1) (kafka.coordinator.group.GroupCoordinator)
[2022-08-13 15:34:31,127] INFO [GroupCoordinator 0]: Dynamic member with unknown member id joins group console-consumer-19974 in Empty state. Created a new member id console-consumer-147cb2ca-f385-4211-9bb9-ef4d9a6f3fcc and request the member to rejoin with this id. (kafka.coordinator.group.GroupCoordinator)
[2022-08-13 15:34:31,128] INFO [GroupCoordinator 0]: Preparing to rebalance group console-consumer-19974 in state PreparingRebalance with old generation 2 (__consumer_offsets-1) (reason: Adding new member console-consumer-147cb2ca-f385-4211-9bb9-ef4d9a6f3fcc with group instance id None) (kafka.coordinator.group.GroupCoordinator)
[2022-08-13 15:34:31,128] INFO [GroupCoordinator 0]: Stabilized group console-consumer-19974 generation 3 (__consumer_offsets-1) with 1 members (kafka.coordinator.group.GroupCoordinator)
[2022-08-13 15:34:31,129] INFO [GroupCoordinator 0]: Assignment received from leader console-consumer-147cb2ca-f385-4211-9bb9-ef4d9a6f3fcc for group console-consumer-19974 for generation 3. The group has 1 members, 0 of which are static. (kafka.coordinator.group.GroupCoordinator)
[2022-08-13 15:36:16,615] INFO [GroupMetadataManager brokerId=0] Group order_server-dbhistory transitioned to Dead in generation 2 (kafka.coordinator.group.GroupMetadataManager)
[2022-08-13 15:39:25,903] INFO [GroupCoordinator 0]: Dynamic member with unknown member id joins group order_server-dbhistory in Empty state. Created a new member id order_server-dbhistory-ac4e5586-8727-4d07-9d8f-c996c7f314ea and request the member to rejoin with this id. (kafka.coordinator.group.GroupCoordinator)
[2022-08-13 15:39:25,906] INFO [GroupCoordinator 0]: Preparing to rebalance group order_server-dbhistory in state PreparingRebalance with old generation 0 (__consumer_offsets-39) (reason: Adding new member order_server-dbhistory-ac4e5586-8727-4d07-9d8f-c996c7f314ea with group instance id None) (kafka.coordinator.group.GroupCoordinator)
[2022-08-13 15:39:25,907] INFO [GroupCoordinator 0]: Stabilized group order_server-dbhistory generation 1 (__consumer_offsets-39) with 1 members (kafka.coordinator.group.GroupCoordinator)
[2022-08-13 15:39:25,908] INFO [GroupCoordinator 0]: Assignment received from leader order_server-dbhistory-ac4e5586-8727-4d07-9d8f-c996c7f314ea for group order_server-dbhistory for generation 1. The group has 1 members, 0 of which are static. (kafka.coordinator.group.GroupCoordinator)
[2022-08-13 15:39:26,084] INFO [GroupCoordinator 0]: Preparing to rebalance group order_server-dbhistory in state PreparingRebalance with old generation 1 (__consumer_offsets-39) (reason: Removing member order_server-dbhistory-ac4e5586-8727-4d07-9d8f-c996c7f314ea on LeaveGroup) (kafka.coordinator.group.GroupCoordinator)
[2022-08-13 15:39:26,085] INFO [GroupCoordinator 0]: Group order_server-dbhistory with generation 2 is now empty (__consumer_offsets-39) (kafka.coordinator.group.GroupCoordinator)
[2022-08-13 15:39:26,089] INFO [GroupCoordinator 0]: Member MemberMetadata(memberId=order_server-dbhistory-ac4e5586-8727-4d07-9d8f-c996c7f314ea, groupInstanceId=None, clientId=order_server-dbhistory, clientHost=/192.168.0.111, sessionTimeoutMs=10000, rebalanceTimeoutMs=300000, supportedProtocols=List(range, cooperative-sticky)) has left group order_server-dbhistory through explicit `LeaveGroup` request (kafka.coordinator.group.GroupCoordinator)
[2022-08-13 15:40:53,267] INFO [GroupCoordinator 0]: Dynamic member with unknown member id joins group order_server-dbhistory in Empty state. Created a new member id order_server-dbhistory-4cc9319b-4849-4614-bf1a-ff21acf307ab and request the member to rejoin with this id. (kafka.coordinator.group.GroupCoordinator)
[2022-08-13 15:40:53,284] INFO [GroupCoordinator 0]: Preparing to rebalance group order_server-dbhistory in state PreparingRebalance with old generation 2 (__consumer_offsets-39) (reason: Adding new member order_server-dbhistory-4cc9319b-4849-4614-bf1a-ff21acf307ab with group instance id None) (kafka.coordinator.group.GroupCoordinator)
[2022-08-13 15:40:53,285] INFO [GroupCoordinator 0]: Stabilized group order_server-dbhistory generation 3 (__consumer_offsets-39) with 1 members (kafka.coordinator.group.GroupCoordinator)
[2022-08-13 15:40:53,287] INFO [GroupCoordinator 0]: Assignment received from leader order_server-dbhistory-4cc9319b-4849-4614-bf1a-ff21acf307ab for group order_server-dbhistory for generation 3. The group has 1 members, 0 of which are static. (kafka.coordinator.group.GroupCoordinator)
[2022-08-13 15:40:53,330] INFO [GroupCoordinator 0]: Preparing to rebalance group order_server-dbhistory in state PreparingRebalance with old generation 3 (__consumer_offsets-39) (reason: Removing member order_server-dbhistory-4cc9319b-4849-4614-bf1a-ff21acf307ab on LeaveGroup) (kafka.coordinator.group.GroupCoordinator)
[2022-08-13 15:40:53,330] INFO [GroupCoordinator 0]: Group order_server-dbhistory with generation 4 is now empty (__consumer_offsets-39) (kafka.coordinator.group.GroupCoordinator)
[2022-08-13 15:40:53,334] INFO [GroupCoordinator 0]: Member MemberMetadata(memberId=order_server-dbhistory-4cc9319b-4849-4614-bf1a-ff21acf307ab, groupInstanceId=None, clientId=order_server-dbhistory, clientHost=/192.168.0.111, sessionTimeoutMs=10000, rebalanceTimeoutMs=300000, supportedProtocols=List(range, cooperative-sticky)) has left group order_server-dbhistory through explicit `LeaveGroup` request (kafka.coordinator.group.GroupCoordinator)
[2022-08-13 15:46:16,612] INFO [GroupMetadataManager brokerId=0] Group order_server-dbhistory transitioned to Dead in generation 4 (kafka.coordinator.group.GroupMetadataManager)
[2022-08-13 15:52:50,094] INFO [GroupCoordinator 0]: Preparing to rebalance group json in state PreparingRebalance with old generation 59 (__consumer_offsets-12) (reason: Removing member consumer-json-1-8239d31f-1ba8-40ac-9813-796a8abd93e3 on LeaveGroup) (kafka.coordinator.group.GroupCoordinator)
[2022-08-13 15:52:50,094] INFO [GroupCoordinator 0]: Group json with generation 60 is now empty (__consumer_offsets-12) (kafka.coordinator.group.GroupCoordinator)
[2022-08-13 15:52:50,096] INFO [GroupCoordinator 0]: Member MemberMetadata(memberId=consumer-json-1-8239d31f-1ba8-40ac-9813-796a8abd93e3, groupInstanceId=None, clientId=consumer-json-1, clientHost=/192.168.0.111, sessionTimeoutMs=45000, rebalanceTimeoutMs=300000, supportedProtocols=List(range, cooperative-sticky)) has left group json through explicit `LeaveGroup` request (kafka.coordinator.group.GroupCoordinator)
[2022-08-13 15:52:57,632] INFO [GroupCoordinator 0]: Dynamic member with unknown member id joins group json in Empty state. Created a new member id consumer-json-1-4ae99e02-d408-440f-9ea0-b0613b63b1b2 and request the member to rejoin with this id. (kafka.coordinator.group.GroupCoordinator)
[2022-08-13 15:52:57,634] INFO [GroupCoordinator 0]: Preparing to rebalance group json in state PreparingRebalance with old generation 60 (__consumer_offsets-12) (reason: Adding new member consumer-json-1-4ae99e02-d408-440f-9ea0-b0613b63b1b2 with group instance id None) (kafka.coordinator.group.GroupCoordinator)
[2022-08-13 15:52:57,634] INFO [GroupCoordinator 0]: Stabilized group json generation 61 (__consumer_offsets-12) with 1 members (kafka.coordinator.group.GroupCoordinator)
[2022-08-13 15:52:57,639] INFO [GroupCoordinator 0]: Assignment received from leader consumer-json-1-4ae99e02-d408-440f-9ea0-b0613b63b1b2 for group json for generation 61. The group has 1 members, 0 of which are static. (kafka.coordinator.group.GroupCoordinator)
[2022-08-13 15:54:40,270] INFO [GroupCoordinator 0]: Preparing to rebalance group json in state PreparingRebalance with old generation 61 (__consumer_offsets-12) (reason: Removing member consumer-json-1-4ae99e02-d408-440f-9ea0-b0613b63b1b2 on LeaveGroup) (kafka.coordinator.group.GroupCoordinator)
[2022-08-13 15:54:40,270] INFO [GroupCoordinator 0]: Group json with generation 62 is now empty (__consumer_offsets-12) (kafka.coordinator.group.GroupCoordinator)
[2022-08-13 15:54:40,272] INFO [GroupCoordinator 0]: Member MemberMetadata(memberId=consumer-json-1-4ae99e02-d408-440f-9ea0-b0613b63b1b2, groupInstanceId=None, clientId=consumer-json-1, clientHost=/192.168.0.111, sessionTimeoutMs=45000, rebalanceTimeoutMs=300000, supportedProtocols=List(range, cooperative-sticky)) has left group json through explicit `LeaveGroup` request (kafka.coordinator.group.GroupCoordinator)
[2022-08-13 15:54:49,319] INFO [GroupCoordinator 0]: Dynamic member with unknown member id joins group json in Empty state. Created a new member id consumer-json-1-6a927dd1-2f12-4d8b-86a1-c645ca3b1279 and request the member to rejoin with this id. (kafka.coordinator.group.GroupCoordinator)
[2022-08-13 15:54:49,322] INFO [GroupCoordinator 0]: Preparing to rebalance group json in state PreparingRebalance with old generation 62 (__consumer_offsets-12) (reason: Adding new member consumer-json-1-6a927dd1-2f12-4d8b-86a1-c645ca3b1279 with group instance id None) (kafka.coordinator.group.GroupCoordinator)
[2022-08-13 15:54:49,322] INFO [GroupCoordinator 0]: Stabilized group json generation 63 (__consumer_offsets-12) with 1 members (kafka.coordinator.group.GroupCoordinator)
[2022-08-13 15:54:49,328] INFO [GroupCoordinator 0]: Assignment received from leader consumer-json-1-6a927dd1-2f12-4d8b-86a1-c645ca3b1279 for group json for generation 63. The group has 1 members, 0 of which are static. (kafka.coordinator.group.GroupCoordinator)
[2022-08-13 16:14:02,881] INFO [GroupCoordinator 0]: Preparing to rebalance group json in state PreparingRebalance with old generation 63 (__consumer_offsets-12) (reason: Removing member consumer-json-1-6a927dd1-2f12-4d8b-86a1-c645ca3b1279 on LeaveGroup) (kafka.coordinator.group.GroupCoordinator)
[2022-08-13 16:14:02,883] INFO [GroupCoordinator 0]: Group json with generation 64 is now empty (__consumer_offsets-12) (kafka.coordinator.group.GroupCoordinator)
[2022-08-13 16:14:02,884] INFO [GroupCoordinator 0]: Member MemberMetadata(memberId=consumer-json-1-6a927dd1-2f12-4d8b-86a1-c645ca3b1279, groupInstanceId=None, clientId=consumer-json-1, clientHost=/192.168.0.111, sessionTimeoutMs=45000, rebalanceTimeoutMs=300000, supportedProtocols=List(range, cooperative-sticky)) has left group json through explicit `LeaveGroup` request (kafka.coordinator.group.GroupCoordinator)
[2022-08-13 16:14:17,451] INFO [KafkaServer id=0] shutting down (kafka.server.KafkaServer)
[2022-08-13 16:14:17,453] INFO [KafkaServer id=0] Starting controlled shutdown (kafka.server.KafkaServer)
[2022-08-13 16:14:17,471] INFO [KafkaServer id=0] Controlled shutdown request returned successfully after 12ms (kafka.server.KafkaServer)
[2022-08-13 16:14:17,472] INFO [/config/changes-event-process-thread]: Shutting down (kafka.common.ZkNodeChangeNotificationListener$ChangeEventProcessThread)
[2022-08-13 16:14:17,472] INFO [/config/changes-event-process-thread]: Stopped (kafka.common.ZkNodeChangeNotificationListener$ChangeEventProcessThread)
[2022-08-13 16:14:17,473] INFO [/config/changes-event-process-thread]: Shutdown completed (kafka.common.ZkNodeChangeNotificationListener$ChangeEventProcessThread)
[2022-08-13 16:14:17,479] INFO [SocketServer listenerType=ZK_BROKER, nodeId=0] Stopping socket server request processors (kafka.network.SocketServer)
[2022-08-13 16:14:17,486] INFO [SocketServer listenerType=ZK_BROKER, nodeId=0] Stopped socket server request processors (kafka.network.SocketServer)
[2022-08-13 16:14:17,487] INFO [data-plane Kafka Request Handler on Broker 0], shutting down (kafka.server.KafkaRequestHandlerPool)
[2022-08-13 16:14:17,490] INFO [data-plane Kafka Request Handler on Broker 0], shut down completely (kafka.server.KafkaRequestHandlerPool)
[2022-08-13 16:14:17,492] INFO [ExpirationReaper-0-AlterAcls]: Shutting down (kafka.server.DelayedOperationPurgatory$ExpiredOperationReaper)
[2022-08-13 16:14:17,597] INFO [ExpirationReaper-0-AlterAcls]: Stopped (kafka.server.DelayedOperationPurgatory$ExpiredOperationReaper)
[2022-08-13 16:14:17,597] INFO [ExpirationReaper-0-AlterAcls]: Shutdown completed (kafka.server.DelayedOperationPurgatory$ExpiredOperationReaper)
[2022-08-13 16:14:17,602] INFO [KafkaApi-0] Shutdown complete. (kafka.server.KafkaApis)
[2022-08-13 16:14:17,605] INFO [ExpirationReaper-0-topic]: Shutting down (kafka.server.DelayedOperationPurgatory$ExpiredOperationReaper)
[2022-08-13 16:14:17,798] INFO [ExpirationReaper-0-topic]: Shutdown completed (kafka.server.DelayedOperationPurgatory$ExpiredOperationReaper)
[2022-08-13 16:14:17,798] INFO [ExpirationReaper-0-topic]: Stopped (kafka.server.DelayedOperationPurgatory$ExpiredOperationReaper)
[2022-08-13 16:14:17,807] INFO [TransactionCoordinator id=0] Shutting down. (kafka.coordinator.transaction.TransactionCoordinator)
[2022-08-13 16:14:17,807] INFO [Transaction State Manager 0]: Shutdown complete (kafka.coordinator.transaction.TransactionStateManager)
[2022-08-13 16:14:17,808] INFO [Transaction Marker Channel Manager 0]: Shutting down (kafka.coordinator.transaction.TransactionMarkerChannelManager)
[2022-08-13 16:14:17,808] INFO [Transaction Marker Channel Manager 0]: Stopped (kafka.coordinator.transaction.TransactionMarkerChannelManager)
[2022-08-13 16:14:17,808] INFO [Transaction Marker Channel Manager 0]: Shutdown completed (kafka.coordinator.transaction.TransactionMarkerChannelManager)
[2022-08-13 16:14:17,808] INFO [TransactionCoordinator id=0] Shutdown complete. (kafka.coordinator.transaction.TransactionCoordinator)
[2022-08-13 16:14:17,809] INFO [GroupCoordinator 0]: Shutting down. (kafka.coordinator.group.GroupCoordinator)
[2022-08-13 16:14:17,809] INFO [ExpirationReaper-0-Heartbeat]: Shutting down (kafka.server.DelayedOperationPurgatory$ExpiredOperationReaper)
[2022-08-13 16:14:17,970] INFO [ExpirationReaper-0-Heartbeat]: Stopped (kafka.server.DelayedOperationPurgatory$ExpiredOperationReaper)
[2022-08-13 16:14:17,970] INFO [ExpirationReaper-0-Heartbeat]: Shutdown completed (kafka.server.DelayedOperationPurgatory$ExpiredOperationReaper)
[2022-08-13 16:14:17,971] INFO [ExpirationReaper-0-Rebalance]: Shutting down (kafka.server.DelayedOperationPurgatory$ExpiredOperationReaper)
[2022-08-13 16:14:18,000] INFO [ExpirationReaper-0-Rebalance]: Stopped (kafka.server.DelayedOperationPurgatory$ExpiredOperationReaper)
[2022-08-13 16:14:18,000] INFO [ExpirationReaper-0-Rebalance]: Shutdown completed (kafka.server.DelayedOperationPurgatory$ExpiredOperationReaper)
[2022-08-13 16:14:18,002] INFO [GroupCoordinator 0]: Shutdown complete. (kafka.coordinator.group.GroupCoordinator)
[2022-08-13 16:14:18,006] INFO [ReplicaManager broker=0] Shutting down (kafka.server.ReplicaManager)
[2022-08-13 16:14:18,006] INFO [LogDirFailureHandler]: Shutting down (kafka.server.ReplicaManager$LogDirFailureHandler)
[2022-08-13 16:14:18,007] INFO [LogDirFailureHandler]: Stopped (kafka.server.ReplicaManager$LogDirFailureHandler)
[2022-08-13 16:14:18,007] INFO [LogDirFailureHandler]: Shutdown completed (kafka.server.ReplicaManager$LogDirFailureHandler)
[2022-08-13 16:14:18,008] INFO [ReplicaFetcherManager on broker 0] shutting down (kafka.server.ReplicaFetcherManager)
[2022-08-13 16:14:18,008] INFO [ReplicaFetcherManager on broker 0] shutdown completed (kafka.server.ReplicaFetcherManager)
[2022-08-13 16:14:18,009] INFO [ReplicaAlterLogDirsManager on broker 0] shutting down (kafka.server.ReplicaAlterLogDirsManager)
[2022-08-13 16:14:18,009] INFO [ReplicaAlterLogDirsManager on broker 0] shutdown completed (kafka.server.ReplicaAlterLogDirsManager)
[2022-08-13 16:14:18,009] INFO [ExpirationReaper-0-Fetch]: Shutting down (kafka.server.DelayedOperationPurgatory$ExpiredOperationReaper)
[2022-08-13 16:14:18,093] INFO [ExpirationReaper-0-Fetch]: Stopped (kafka.server.DelayedOperationPurgatory$ExpiredOperationReaper)
[2022-08-13 16:14:18,093] INFO [ExpirationReaper-0-Fetch]: Shutdown completed (kafka.server.DelayedOperationPurgatory$ExpiredOperationReaper)
[2022-08-13 16:14:18,097] INFO [ExpirationReaper-0-Produce]: Shutting down (kafka.server.DelayedOperationPurgatory$ExpiredOperationReaper)
[2022-08-13 16:14:18,198] INFO [ExpirationReaper-0-Produce]: Stopped (kafka.server.DelayedOperationPurgatory$ExpiredOperationReaper)
[2022-08-13 16:14:18,198] INFO [ExpirationReaper-0-Produce]: Shutdown completed (kafka.server.DelayedOperationPurgatory$ExpiredOperationReaper)
[2022-08-13 16:14:18,201] INFO [ExpirationReaper-0-DeleteRecords]: Shutting down (kafka.server.DelayedOperationPurgatory$ExpiredOperationReaper)
[2022-08-13 16:14:18,326] INFO [ExpirationReaper-0-DeleteRecords]: Stopped (kafka.server.DelayedOperationPurgatory$ExpiredOperationReaper)
[2022-08-13 16:14:18,326] INFO [ExpirationReaper-0-DeleteRecords]: Shutdown completed (kafka.server.DelayedOperationPurgatory$ExpiredOperationReaper)
[2022-08-13 16:14:18,330] INFO [ExpirationReaper-0-ElectLeader]: Shutting down (kafka.server.DelayedOperationPurgatory$ExpiredOperationReaper)
[2022-08-13 16:14:18,526] INFO [ExpirationReaper-0-ElectLeader]: Stopped (kafka.server.DelayedOperationPurgatory$ExpiredOperationReaper)
[2022-08-13 16:14:18,526] INFO [ExpirationReaper-0-ElectLeader]: Shutdown completed (kafka.server.DelayedOperationPurgatory$ExpiredOperationReaper)
[2022-08-13 16:14:18,530] INFO [ReplicaManager broker=0] Shut down completely (kafka.server.ReplicaManager)
[2022-08-13 16:14:18,530] INFO [BrokerToControllerChannelManager broker=0 name=alterIsr]: Shutting down (kafka.server.BrokerToControllerRequestThread)
[2022-08-13 16:14:18,531] INFO [BrokerToControllerChannelManager broker=0 name=alterIsr]: Stopped (kafka.server.BrokerToControllerRequestThread)
[2022-08-13 16:14:18,531] INFO [BrokerToControllerChannelManager broker=0 name=alterIsr]: Shutdown completed (kafka.server.BrokerToControllerRequestThread)
[2022-08-13 16:14:18,533] INFO Broker to controller channel manager for alterIsr shutdown (kafka.server.BrokerToControllerChannelManagerImpl)
[2022-08-13 16:14:18,533] INFO [BrokerToControllerChannelManager broker=0 name=forwarding]: Shutting down (kafka.server.BrokerToControllerRequestThread)
[2022-08-13 16:14:18,533] INFO [BrokerToControllerChannelManager broker=0 name=forwarding]: Stopped (kafka.server.BrokerToControllerRequestThread)
[2022-08-13 16:14:18,533] INFO [BrokerToControllerChannelManager broker=0 name=forwarding]: Shutdown completed (kafka.server.BrokerToControllerRequestThread)
[2022-08-13 16:14:18,534] INFO Broker to controller channel manager for forwarding shutdown (kafka.server.BrokerToControllerChannelManagerImpl)
[2022-08-13 16:14:18,535] INFO Shutting down. (kafka.log.LogManager)
[2022-08-13 16:14:18,569] INFO [ProducerStateManager partition=__consumer_offsets-21] Wrote producer snapshot at offset 9 with 0 producer ids in 3 ms. (kafka.log.ProducerStateManager)
[2022-08-13 16:14:18,593] INFO [ProducerStateManager partition=order_server-0] Wrote producer snapshot at offset 33 with 0 producer ids in 2 ms. (kafka.log.ProducerStateManager)
[2022-08-13 16:14:18,605] INFO [ProducerStateManager partition=demo-0] Wrote producer snapshot at offset 33 with 0 producer ids in 2 ms. (kafka.log.ProducerStateManager)
[2022-08-13 16:14:18,609] INFO [ProducerStateManager partition=__consumer_offsets-39] Wrote producer snapshot at offset 57 with 0 producer ids in 2 ms. (kafka.log.ProducerStateManager)
[2022-08-13 16:14:18,616] INFO [ProducerStateManager partition=__consumer_offsets-12] Wrote producer snapshot at offset 138 with 0 producer ids in 1 ms. (kafka.log.ProducerStateManager)
[2022-08-13 16:14:18,623] INFO [ProducerStateManager partition=order_server.orders.outbox-0] Wrote producer snapshot at offset 100 with 0 producer ids in 2 ms. (kafka.log.ProducerStateManager)
[2022-08-13 16:14:18,638] INFO [ProducerStateManager partition=__consumer_offsets-7] Wrote producer snapshot at offset 3 with 0 producer ids in 1 ms. (kafka.log.ProducerStateManager)
[2022-08-13 16:14:18,654] INFO [ProducerStateManager partition=__consumer_offsets-1] Wrote producer snapshot at offset 3 with 0 producer ids in 2 ms. (kafka.log.ProducerStateManager)
[2022-08-13 16:14:18,662] INFO [ProducerStateManager partition=__consumer_offsets-34] Wrote producer snapshot at offset 6 with 0 producer ids in 1 ms. (kafka.log.ProducerStateManager)
[2022-08-13 16:14:18,673] INFO Shutdown complete. (kafka.log.LogManager)
[2022-08-13 16:14:18,675] INFO [feature-zk-node-event-process-thread]: Shutting down (kafka.server.FinalizedFeatureChangeListener$ChangeNotificationProcessorThread)
[2022-08-13 16:14:18,675] INFO [feature-zk-node-event-process-thread]: Stopped (kafka.server.FinalizedFeatureChangeListener$ChangeNotificationProcessorThread)
[2022-08-13 16:14:18,675] INFO [feature-zk-node-event-process-thread]: Shutdown completed (kafka.server.FinalizedFeatureChangeListener$ChangeNotificationProcessorThread)
[2022-08-13 16:14:18,676] INFO [ZooKeeperClient Kafka server] Closing. (kafka.zookeeper.ZooKeeperClient)
[2022-08-13 16:14:18,792] INFO Session: 0x1001070e54b0001 closed (org.apache.zookeeper.ZooKeeper)
[2022-08-13 16:14:18,792] INFO EventThread shut down for session: 0x1001070e54b0001 (org.apache.zookeeper.ClientCnxn)
[2022-08-13 16:14:18,794] INFO [ZooKeeperClient Kafka server] Closed. (kafka.zookeeper.ZooKeeperClient)
[2022-08-13 16:14:18,797] INFO [ThrottledChannelReaper-Fetch]: Shutting down (kafka.server.ClientQuotaManager$ThrottledChannelReaper)
[2022-08-13 16:14:19,536] INFO [ThrottledChannelReaper-Fetch]: Stopped (kafka.server.ClientQuotaManager$ThrottledChannelReaper)
[2022-08-13 16:14:19,536] INFO [ThrottledChannelReaper-Fetch]: Shutdown completed (kafka.server.ClientQuotaManager$ThrottledChannelReaper)
[2022-08-13 16:14:19,537] INFO [ThrottledChannelReaper-Produce]: Shutting down (kafka.server.ClientQuotaManager$ThrottledChannelReaper)
